<?xml version="1.0" encoding="UTF-8"?>
<testng-results ignored="0" total="1" passed="1" failed="0" skipped="0">
  <reporter-output>
  </reporter-output>
  <suite started-at="2024-02-11T13:59:52 IST" name="Default suite" finished-at="2024-02-11T14:00:43 IST" duration-ms="51034">
    <groups>
    </groups>
    <test started-at="2024-02-11T13:59:52 IST" name="Default test" finished-at="2024-02-11T14:00:43 IST" duration-ms="51034">
      <class name="com.entrata.qa.testcase.SignInTest">
        <test-method is-config="true" signature="setUp()[pri:0, instance:com.entrata.qa.testcase.SignInTest@25641d39]" started-at="2024-02-11T13:59:52 IST" name="setUp" finished-at="2024-02-11T14:00:29 IST" duration-ms="36660" status="PASS">
          <reporter-output>
          </reporter-output>
        </test-method> <!-- setUp -->
        <test-method signature="propertiManagerTest()[pri:0, instance:com.entrata.qa.testcase.SignInTest@25641d39]" started-at="2024-02-11T14:00:29 IST" name="propertiManagerTest" finished-at="2024-02-11T14:00:29 IST" duration-ms="341" status="PASS">
          <reporter-output>
          </reporter-output>
        </test-method> <!-- propertiManagerTest -->
        <test-method is-config="true" signature="tearDown()[pri:0, instance:com.entrata.qa.testcase.SignInTest@25641d39]" started-at="2024-02-11T14:00:30 IST" name="tearDown" finished-at="2024-02-11T14:00:43 IST" duration-ms="13936" status="PASS">
          <reporter-output>
          </reporter-output>
        </test-method> <!-- tearDown -->
      </class> <!-- com.entrata.qa.testcase.SignInTest -->
    </test> <!-- Default test -->
  </suite> <!-- Default suite -->
</testng-results>
